<?xml version="1.0" encoding="UTF-8"?>
<!-- Generated by org.testng.reporters.JUnitReportReporter -->
<testsuite hostname="DESKTOP-SQI1G9P" failures="0" tests="1" name="com.webelementfunction.WebElementFunctionRunner" time="0.664" errors="0" timestamp="2024-03-22T21:49:39 IST" skipped="0">
  <testcase classname="com.webelementfunction.WebElementFunctionRunner" name="feature" time="0.664"/>
  <system-out/>
</testsuite> <!-- com.webelementfunction.WebElementFunctionRunner -->
